* using log directory ‘/Users/timbarry/research_code/ondisc/ondisc.Rcheck’
* using R version 4.5.1 (2025-06-13)
* using platform: aarch64-apple-darwin20
* R was compiled by
    Apple clang version 16.0.0 (clang-1600.0.26.6)
    GNU Fortran (GCC) 14.2.0
* running under: macOS Tahoe 26.5
* using session charset: UTF-8
* using option ‘--as-cran’
* checking for file ‘ondisc/DESCRIPTION’ ... OK
* this is package ‘ondisc’ version ‘1.3.1’
* package encoding: UTF-8
* checking CRAN incoming feasibility ... [4s/22s] NOTE
Maintainer: ‘Timothy Barry <tbarry@hsph.harvard.edu>’

New submission

Package was archived on CRAN

CRAN repository db overrides:
  X-CRAN-Comment: Archived on 2025-02-02 as issues were not corrected
    in time.
* checking package namespace information ... OK
* checking package dependencies ... OK
* checking if this is a source package ... OK
* checking if there is a namespace ... OK
* checking for executable files ... OK
* checking for hidden files and directories ... OK
* checking for portable file names ... OK
* checking for sufficient/correct file permissions ... OK
* checking whether package ‘ondisc’ can be installed ... WARNING
Found the following significant warnings:
  /Library/Frameworks/R.framework/Resources/include/R_ext/Boolean.h:62:36: warning: unknown warning group '-Wfixed-enum-extension', ignored [-Wunknown-warning-option]
See ‘/Users/timbarry/research_code/ondisc/ondisc.Rcheck/00install.out’ for details.
* used C++ compiler: ‘Apple clang version 21.0.0 (clang-2100.0.123.102)’
* used SDK: ‘MacOSX26.4.sdk’
* checking installed package size ... OK
* checking package directory ... OK
* checking for future file timestamps ... NOTE
unable to verify current time
* checking ‘build’ directory ... OK
* checking DESCRIPTION meta-information ... OK
* checking top-level files ... NOTE
Files ‘README.md’ or ‘NEWS.md’ cannot be checked without ‘pandoc’ being installed.
* checking for left-over files ... OK
* checking index information ... OK
* checking package subdirectories ... OK
* checking code files for non-ASCII characters ... OK
* checking R files for syntax errors ... OK
* checking whether the package can be loaded ... OK
* checking whether the package can be loaded with stated dependencies ... OK
* checking whether the package can be unloaded cleanly ... OK
* checking whether the namespace can be loaded with stated dependencies ... OK
* checking whether the namespace can be unloaded cleanly ... OK
* checking use of S3 registration ... OK
* checking dependencies in R code ... OK
* checking S3 generic/method consistency ... OK
* checking replacement functions ... OK
* checking foreign function calls ... OK
* checking R code for possible problems ... OK
* checking Rd files ... OK
* checking Rd metadata ... OK
* checking Rd line widths ... OK
* checking Rd cross-references ... OK
* checking for missing documentation entries ... OK
* checking for code/documentation mismatches ... OK
* checking Rd \usage sections ... OK
* checking Rd contents ... OK
* checking for unstated dependencies in examples ... OK
* checking line endings in C/C++/Fortran sources/headers ... OK
* checking line endings in Makefiles ... OK
* checking compilation flags in Makevars ... OK
* checking for GNU extensions in Makefiles ... INFO
GNU make is a SystemRequirements.
* checking for portable use of $(BLAS_LIBS) and $(LAPACK_LIBS) ... OK
* checking use of PKG_*FLAGS in Makefiles ... OK
* checking use of SHLIB_OPENMP_*FLAGS in Makefiles ... OK
* checking pragmas in C/C++ headers and code ... OK
* checking compilation flags used ... OK
* checking compiled code ... OK
* checking installed files from ‘inst/doc’ ... OK
* checking files in ‘vignettes’ ... OK
* checking examples ... OK
* checking for unstated dependencies in ‘tests’ ... OK
* checking tests ... [18s/18s] OK
  Running ‘testthat.R’ [18s/18s]
* checking for unstated dependencies in vignettes ... OK
* checking package vignettes ... OK
* checking re-building of vignette outputs ... OK
* checking PDF version of manual ... OK
* checking HTML version of manual ... NOTE
Skipping checking HTML validation: 'tidy' doesn't look like recent enough HTML Tidy.
Please obtain a recent version of HTML Tidy by downloading a binary
release or compiling the source code from <https://www.html-tidy.org/>.
* checking for non-standard things in the check directory ... OK
* checking for detritus in the temp directory ... OK
* DONE
Status: 1 WARNING, 4 NOTEs
