Hmm ... looks like a package
Converting parsed Rd's to LaTeX 
Creating pdf output from LaTeX ...
Error in texi2dvi(file = file, pdf = TRUE, clean = clean, quiet = quiet,  : 
  Running 'texi2dvi' on 'Rd2.tex' failed.
Messages:
/opt/R/arm64/bin/texi2dvi: makeindex failed
Output:
This is pdfTeX, Version 3.141592653-2.6-1.40.28 (TeX Live 2025) (preloaded format=pdflatex)
 restricted \write18 enabled.
entering extended mode
LaTeX2e <2025-11-01>
L3 programming layer <2026-01-19>
(./Rd2.tex
(/Users/timbarry/Library/TinyTeX/texmf-dist/tex/latex/base/book.cls
Document Class: book 2025/01/22 v1.4n Standard LaTeX document class
(/Users/timbarry/Library/TinyTeX/texmf-dist/tex/latex/base/bk10.clo)) (/Library/Frameworks/R.framework/Resources/share/texmf/tex/latex/Rd.sty (/Users/timbarry/Library/TinyTeX/texmf-dist/tex/latex/base/ifthen.sty) (/Users/timbarry/Library/TinyTeX/texmf-dist/tex/generic/iftex/iftex.sty) (/Users/timbarry/Library/TinyTeX/texmf-dist/tex/latex/tools/longtable.sty) (/Users/timbarry/Library/TinyTeX/texmf-dist/tex/latex/tools/bm.sty) (/Users/timbarry/Library/TinyTeX/texmf-dist/tex/latex/base/alltt.sty) (/Users/timbarry/Library/TinyTeX/texmf-dist/tex/latex/tools/verbatim.sty) (/Users/timbarry/Library/TinyTeX/texmf-dist/tex/latex/url/url.sty) (/Users/timbarry/Library/TinyTeX/texmf-dist/tex/latex/base/textcomp.sty) (/Users/timbarry/Library/TinyTeX/texmf-dist/tex/latex/amsmath/amsmath.sty
For additional information on amsmath, use the `?' option.
(/Users/timbarry/Library/TinyTeX/texmf-dist/tex/latex/amsmath/amstext.sty (/Users/timbarry/Library/TinyTeX/texmf-dist/tex/latex/amsmath/amsgen.sty)) (/Users/timbarry/Library/TinyTeX/texmf-dist/tex/latex/amsmath/amsbsy.sty) (/Users/timbarry/Library/TinyTeX/texmf-dist/tex/latex/amsmath/amsopn.sty)) (/Users/timbarry/Library/TinyTeX/texmf-dist/tex/latex/amsfonts/amsfonts.sty) (/Users/timbarry/Library/TinyTeX/texmf-dist/tex/latex/amsfonts/amssymb.sty) (/Users/timbarry/Library/TinyTeX/texmf-dist/tex/latex/amsfonts/eucal.sty) (/Users/timbarry/Library/TinyTeX/texmf-dist/tex/latex/base/fontenc.sty) (/Users/timbarry/Library/TinyTeX/texmf-dist/tex/latex/psnfss/times.sty) (/Users/timbarry/Library/TinyTeX/texmf-dist/tex/latex/inconsolata/zi4.sty `inconsolata-zi4' v1.12, 2019/05/17 Text macros for Inconsolata (msharpe) (/Users/timbarry/Library/TinyTeX/texmf-dist/tex/latex/xkeyval/xkeyval.sty (/Users/timbarry/Library/TinyTeX/texmf-dist/tex/generic/xkeyval/xkeyval.tex (/Users/timbarry/Library/TinyTeX/texmf-dist/tex/generic/xkeyval/xkvutils.tex (/Users/timbarry/Library/TinyTeX/texmf-dist/tex/generic/xkeyval/keyval.tex))))) (/Users/timbarry/Library/TinyTeX/texmf-dist/tex/latex/graphics/color.sty (/Users/timbarry/Library/TinyTeX/texmf-dist/tex/latex/graphics-cfg/color.cfg) (/Users/timbarry/Library/TinyTeX/texmf-dist/tex/latex/graphics-def/pdftex.def) (/Users/timbarry/Library/TinyTeX/texmf-dist/tex/latex/graphics/mathcolor.ltx)) (/Users/timbarry/Library/TinyTeX/texmf-dist/tex/latex/hyperref/hyperref.sty (/Users/timbarry/Library/TinyTeX/texmf-dist/tex/latex/kvsetkeys/kvsetkeys.sty) (/Users/timbarry/Library/TinyTeX/texmf-dist/tex/generic/kvdefinekeys/kvdefinekeys.sty) (/Users/timbarry/Library/TinyTeX/texmf-dist/tex/generic/pdfescape/pdfescape.sty (/Users/timbarry/Library/TinyTeX/texmf-dist/tex/generic/ltxcmds/ltxcmds.sty) (/Users/timbarry/Library/TinyTeX/texmf-dist/tex/generic/pdftexcmds/pdftexcmds.sty (/Users/timbarry/Library/TinyTeX/texmf-dist/tex/generic/infwarerr/infwarerr.sty))) (/Users/timbarry/Library/TinyTeX/texmf-dist/tex/latex/hycolor/hycolor.sty) (/Users/timbarry/Library/TinyTeX/texmf-dist/tex/latex/hyperref/nameref.sty (/Users/timbarry/Library/TinyTeX/texmf-dist/tex/latex/refcount/refcount.sty) (/Users/timbarry/Library/TinyTeX/texmf-dist/tex/generic/gettitlestring/gettitlestring.sty (/Users/timbarry/Library/TinyTeX/texmf-dist/tex/latex/kvoptions/kvoptions.sty))) (/Users/timbarry/Library/TinyTeX/texmf-dist/tex/latex/etoolbox/etoolbox.sty) (/Users/timbarry/Library/TinyTeX/texmf-dist/tex/generic/stringenc/stringenc.sty) (/Users/timbarry/Library/TinyTeX/texmf-dist/tex/latex/hyperref/pd1enc.def) (/Users/timbarry/Library/TinyTeX/texmf-dist/tex/generic/intcalc/intcalc.sty) (/Users/timbarry/Library/TinyTeX/texmf-dist/tex/latex/hyperref/puenc.def) (/Users/timbarry/Library/TinyTeX/texmf-dist/tex/generic/bitset/bitset.sty (/Users/timbarry/Library/TinyTeX/texmf-dist/tex/generic/bigintcalc/bigintcalc.sty))) (/Users/timbarry/Library/TinyTeX/texmf-dist/tex/latex/hyperref/hpdftex.def (/Users/timbarry/Library/TinyTeX/texmf-dist/tex/latex/rerunfilecheck/rerunfilecheck.sty (/Users/timbarry/Library/TinyTeX/texmf-dist/tex/generic/uniquecounter/uniquecounter.sty)))) (/Users/timbarry/Library/TinyTeX/texmf-dist/tex/latex/base/makeidx.sty)
Writing index file Rd2.idx
(/Users/timbarry/Library/TinyTeX/texmf-dist/tex/latex/psnfss/t1ptm.fd) (/Users/timbarry/Library/TinyTeX/texmf-dist/tex/latex/l3backend/l3backend-pdftex.def) (/private/var/folders/mp/qgnyl4ss2cl9p399f3vpwqpc0000gn/T/RtmppnD4xD/Rd2pdfb12f3dcc4d20/Rd2.aux) (/private/var/folders/mp/qgnyl4ss2cl9p399f3vpwqpc0000gn/T/RtmppnD4xD/Rd2pdfb12f3dcc4d20/Rd2.out) (/private/var/folders/mp/qgnyl4ss2cl9p399f3vpwqpc0000gn/T/RtmppnD4xD/Rd2pdfb12f3dcc4d20/Rd2.out) (/Users/timbarry/Library/TinyTeX/texmf-dist/tex/latex/inconsolata/t1zi4.fd) (/Users/timbarry/Library/TinyTeX/texmf-dist/tex/latex/amsfonts/umsa.fd) (/Users/timbarry/Library/TinyTeX/texmf-dist/tex/latex/amsfonts/umsb.fd) (/private/var/folders/mp/qgnyl4ss2cl9p399f3vpwqpc0000gn/T/RtmppnD4xD/Rd2pdfb12f3dcc4d20/Rd2.toc [1{/Users/timbarry/Library/TinyTeX/texmf-var/fonts/map/pdftex/updmap/pdftex.map}{/Users/timbarry/Library/TinyTeX/texmf-dist/fonts/enc/dvips/base/8r.enc}{/Users/timbarry/Library/TinyTeX/texmf-dist/fonts/enc/dvips/inconsolata/i4-t1-0.enc}]) (/Users/timbarry/Library/TinyTeX/texmf-dist/tex/latex/psnfss/ts1ptm.fd) [2] [3]
Overfull \hbox (84.68785pt too wide) in paragraph at lines 153--154
\T1/ptm/m/n/10 co-vari-ate data frame to disk ([]\T1/zi4/m/n/10 TRUE[]\T1/ptm/m/n/10 ) in ad-di-tion to re-turn-ing it from []\T1/zi4/m/n/10 create_odm_from_cellranger()[]\T1/ptm/m/n/10 . 
[4] [5] (/Users/timbarry/Library/TinyTeX/texmf-dist/tex/latex/inconsolata/ts1zi4.fd) [6{/Users/timbarry/Library/TinyTeX/texmf-dist/fonts/enc/dvips/inconsolata/i4-ts1.enc}]
Overfull \hbox (103.19904pt too wide) in paragraph at lines 336--337
[]\T1/zi4/m/n/10 initialize_odm_from_backing_file() []\T1/ptm/m/n/10 is portable: the user can cre-ate an []\T1/zi4/m/n/10 .odm []\T1/ptm/m/n/10 file (via []\T1/zi4/m/n/10 create_odm_from_cellranger()
[7] [8] [9]
No file Rd2.ind.
[10] (/private/var/folders/mp/qgnyl4ss2cl9p399f3vpwqpc0000gn/T/RtmppnD4xD/Rd2pdfb12f3dcc4d20/Rd2.aux) )
(see the transcript file for additional information) </Users/timbarry/Library/TinyTeX/texmf-var/fonts/pk/ljfour/jknappen/ec/tcrm1000.600pk></Users/timbarry/Library/TinyTeX/texmf-dist/fonts/type1/public/inconsolata/Inconsolata-zi4r.pfb></Users/timbarry/Library/TinyTeX/texmf-dist/fonts/type1/urw/times/utmb8a.pfb></Users/timbarry/Library/TinyTeX/texmf-dist/fonts/type1/urw/times/utmr8a.pfb></Users/timbarry/Library/TinyTeX/texmf-dist/fonts/type1/urw/times/utmr8a.pfb></Users/timbarry/Library/TinyTeX/texmf-dist/fonts/type1/urw/times/utmri8a.pfb>
Output written on Rd2.pdf (10 pages, 99602 bytes).
Transcript written on Rd2.log.
/opt/R/arm64/bin/texi2dvi: line 366: makeindex: command not found

This is pdfTeX, Version 3.141592653-2.6-1.40.28 (TeX Live 2025) (preloaded format=pdflatex)
 restricted \write18 enabled.
entering extended mode
LaTeX2e <2025-11-01>
L3 programming layer <2026-01-19>
(./Rd2.tex
(/Users/timbarry/Library/TinyTeX/texmf-dist/tex/latex/base/book.cls
Document Class: book 2025/01/22 v1.4n Standard LaTeX document class
(/Users/timbarry/Library/TinyTeX/texmf-dist/tex/latex/base/bk10.clo)) (/Library/Frameworks/R.framework/Resources/share/texmf/tex/latex/Rd.sty (/Users/timbarry/Library/TinyTeX/texmf-dist/tex/latex/base/ifthen.sty) (/Users/timbarry/Library/TinyTeX/texmf-dist/tex/generic/iftex/iftex.sty) (/Users/timbarry/Library/TinyTeX/texmf-dist/tex/latex/tools/longtable.sty) (/Users/timbarry/Library/TinyTeX/texmf-dist/tex/latex/tools/bm.sty) (/Users/timbarry/Library/TinyTeX/texmf-dist/tex/latex/base/alltt.sty) (/Users/timbarry/Library/TinyTeX/texmf-dist/tex/latex/tools/verbatim.sty) (/Users/timbarry/Library/TinyTeX/texmf-dist/tex/latex/url/url.sty) (/Users/timbarry/Library/TinyTeX/texmf-dist/tex/latex/base/textcomp.sty) (/Users/timbarry/Library/TinyTeX/texmf-dist/tex/latex/amsmath/amsmath.sty
For additional information on amsmath, use the `?' option.
(/Users/timbarry/Library/TinyTeX/texmf-dist/tex/latex/amsmath/amstext.sty (/Users/timbarry/Library/TinyTeX/texmf-dist/tex/latex/amsmath/amsgen.sty)) (/Users/timbarry/Library/TinyTeX/texmf-dist/tex/latex/amsmath/amsbsy.sty) (/Users/timbarry/Library/TinyTeX/texmf-dist/tex/latex/amsmath/amsopn.sty)) (/Users/timbarry/Library/TinyTeX/texmf-dist/tex/latex/amsfonts/amsfonts.sty) (/Users/timbarry/Library/TinyTeX/texmf-dist/tex/latex/amsfonts/amssymb.sty) (/Users/timbarry/Library/TinyTeX/texmf-dist/tex/latex/amsfonts/eucal.sty) (/Users/timbarry/Library/TinyTeX/texmf-dist/tex/latex/base/fontenc.sty) (/Users/timbarry/Library/TinyTeX/texmf-dist/tex/latex/psnfss/times.sty) (/Users/timbarry/Library/TinyTeX/texmf-dist/tex/latex/inconsolata/zi4.sty `inconsolata-zi4' v1.12, 2019/05/17 Text macros for Inconsolata (msharpe) (/Users/timbarry/Library/TinyTeX/texmf-dist/tex/latex/xkeyval/xkeyval.sty (/Users/timbarry/Library/TinyTeX/texmf-dist/tex/generic/xkeyval/xkeyval.tex (/Users/timbarry/Library/TinyTeX/texmf-dist/tex/generic/xkeyval/xkvutils.tex (/Users/timbarry/Library/TinyTeX/texmf-dist/tex/generic/xkeyval/keyval.tex))))) (/Users/timbarry/Library/TinyTeX/texmf-dist/tex/latex/graphics/color.sty (/Users/timbarry/Library/TinyTeX/texmf-dist/tex/latex/graphics-cfg/color.cfg) (/Users/timbarry/Library/TinyTeX/texmf-dist/tex/latex/graphics-def/pdftex.def) (/Users/timbarry/Library/TinyTeX/texmf-dist/tex/latex/graphics/mathcolor.ltx)) (/Users/timbarry/Library/TinyTeX/texmf-dist/tex/latex/hyperref/hyperref.sty (/Users/timbarry/Library/TinyTeX/texmf-dist/tex/latex/kvsetkeys/kvsetkeys.sty) (/Users/timbarry/Library/TinyTeX/texmf-dist/tex/generic/kvdefinekeys/kvdefinekeys.sty) (/Users/timbarry/Library/TinyTeX/texmf-dist/tex/generic/pdfescape/pdfescape.sty (/Users/timbarry/Library/TinyTeX/texmf-dist/tex/generic/ltxcmds/ltxcmds.sty) (/Users/timbarry/Library/TinyTeX/texmf-dist/tex/generic/pdftexcmds/pdftexcmds.sty (/Users/timbarry/Library/TinyTeX/texmf-dist/tex/generic/infwarerr/infwarerr.sty))) (/Users/timbarry/Library/TinyTeX/texmf-dist/tex/latex/hycolor/hycolor.sty) (/Users/timbarry/Library/TinyTeX/texmf-dist/tex/latex/hyperref/nameref.sty (/Users/timbarry/Library/TinyTeX/texmf-dist/tex/latex/refcount/refcount.sty) (/Users/timbarry/Library/TinyTeX/texmf-dist/tex/generic/gettitlestring/gettitlestring.sty (/Users/timbarry/Library/TinyTeX/texmf-dist/tex/latex/kvoptions/kvoptions.sty))) (/Users/timbarry/Library/TinyTeX/texmf-dist/tex/latex/etoolbox/etoolbox.sty) (/Users/timbarry/Library/TinyTeX/texmf-dist/tex/generic/stringenc/stringenc.sty) (/Users/timbarry/Library/TinyTeX/texmf-dist/tex/latex/hyperref/pd1enc.def) (/Users/timbarry/Library/TinyTeX/texmf-dist/tex/generic/intcalc/intcalc.sty) (/Users/timbarry/Library/TinyTeX/texmf-dist/tex/latex/hyperref/puenc.def) (/Users/timbarry/Library/TinyTeX/texmf-dist/tex/generic/bitset/bitset.sty (/Users/timbarry/Library/TinyTeX/texmf-dist/tex/generic/bigintcalc/bigintcalc.sty))) (/Users/timbarry/Library/TinyTeX/texmf-dist/tex/latex/hyperref/hpdftex.def (/Users/timbarry/Library/TinyTeX/texmf-dist/tex/latex/rerunfilecheck/rerunfilecheck.sty (/Users/timbarry/Library/TinyTeX/texmf-dist/tex/generic/uniquecounter/uniquecounter.sty)))) (/Users/timbarry/Library/TinyTeX/texmf-dist/tex/latex/base/makeidx.sty)
Writing index file Rd2.idx
(/Users/timbarry/Library/TinyTeX/texmf-dist/tex/latex/psnfss/t1ptm.fd) (/Users/timbarry/Library/TinyTeX/texmf-dist/tex/latex/l3backend/l3backend-pdftex.def) (/private/var/folders/mp/qgnyl4ss2cl9p399f3vpwqpc0000gn/T/RtmppnD4xD/Rd2pdfb12f3dcc4d20/Rd2.aux) (/private/var/folders/mp/qgnyl4ss2cl9p399f3vpwqpc0000gn/T/RtmppnD4xD/Rd2pdfb12f3dcc4d20/Rd2.out) (/private/var/folders/mp/qgnyl4ss2cl9p399f3vpwqpc0000gn/T/RtmppnD4xD/Rd2pdfb12f3dcc4d20/Rd2.out) (/Users/timbarry/Library/TinyTeX/texmf-dist/tex/latex/inconsolata/t1zi4.fd) (/Users/timbarry/Library/TinyTeX/texmf-dist/tex/latex/amsfonts/umsa.fd) (/Users/timbarry/Library/TinyTeX/texmf-dist/tex/latex/amsfonts/umsb.fd) (/private/var/folders/mp/qgnyl4ss2cl9p399f3vpwqpc0000gn/T/RtmppnD4xD/Rd2pdfb12f3dcc4d20/Rd2.toc [1{/Users/timbarry/Library/TinyTeX/texmf-var/fonts/map/pdftex/updmap/pdftex.map}{/Users/timbarry/Library/TinyTeX/texmf-dist/fonts/enc/dvips/base/8r.enc}{/Users/timbarry/Library/TinyTeX/texmf-dist/fonts/enc/dvips/inconsolata/i4-t1-0.enc}]) (/Users/timbarry/Library/TinyTeX/texmf-dist/tex/latex/psnfss/ts1ptm.fd) [2] [3]
Overfull \hbox (84.68785pt too wide) in paragraph at lines 153--154
\T1/ptm/m/n/10 co-vari-ate data frame to disk ([]\T1/zi4/m/n/10 TRUE[]\T1/ptm/m/n/10 ) in ad-di-tion to re-turn-ing it from []\T1/zi4/m/n/10 create_odm_from_cellranger()[]\T1/ptm/m/n/10 . 
[4] [5] (/Users/timbarry/Library/TinyTeX/texmf-dist/tex/latex/inconsolata/ts1zi4.fd) [6{/Users/timbarry/Library/TinyTeX/texmf-dist/fonts/enc/dvips/inconsolata/i4-ts1.enc}]
Overfull \hbox (103.19904pt too wide) in paragraph at lines 336--337
[]\T1/zi4/m/n/10 initialize_odm_from_backing_file() []\T1/ptm/m/n/10 is portable: the user can cre-ate an []\T1/zi4/m/n/10 .odm []\T1/ptm/m/n/10 file (via []\T1/zi4/m/n/10 create_odm_from_cellranger()
[7] [8] [9]
No file Rd2.ind.
[10] (/private/var/folders/mp/qgnyl4ss2cl9p399f3vpwqpc0000gn/T/RtmppnD4xD/Rd2pdfb12f3dcc4d20/Rd2.aux) )
(see the transcript file for additional information) </Users/timbarry/Library/TinyTeX/texmf-var/fonts/pk/ljfour/jknappen/ec/tcrm1000.600pk></Users/timbarry/Library/TinyTeX/texmf-dist/fonts/type1/public/inconsolata/Inconsolata-zi4r.pfb></Users/timbarry/Library/TinyTeX/texmf-dist/fonts/type1/urw/times/utmb8a.pfb></Users/timbarry/Library/TinyTeX/texmf-dist/fonts/type1/urw/times/utmr8a.pfb></Users/timbarry/Library/TinyTeX/texmf-dist/fonts/type1/urw/times/utmr8a.pfb></Users/timbarry/Library/TinyTeX/texmf-dist/fonts/type1/urw/times/utmri8a.pfb>
Output written on Rd2.pdf (10 pages, 99597 bytes).
Transcript written on Rd2.log.
Saving output to ‘ondisc-manual.pdf’ ...
Done
You may want to clean up by 'rm -Rf /var/folders/mp/qgnyl4ss2cl9p399f3vpwqpc0000gn/T//RtmppnD4xD/Rd2pdfb12f3dcc4d20'
